
Mar 07, 2022 19:07:24.429 NEW SESSION
Mar 07, 2022 19:07:24.429 [12340:10228:0307/190724.327:ERROR:device_event_log_impl.cc(214)] [19:07:24.328] USB: usb_device_handle_win.cc:1049 Failed to read descriptor from node connection: A device attached to the system is not functioning. (0x1F)

Mar 08, 2022 13:56:02.454 NEW SESSION
Mar 08, 2022 13:56:02.454 [7352:1132:0308/135602.278:ERROR:connection_factory_impl.cc(425)] Failed to connect to MCS endpoint with error -106
Mar 08, 2022 13:56:02.552 [7352:1132:0308/135602.355:ERROR:connection_factory_impl.cc(425)] Failed to connect to MCS endpoint with error -106
Mar 08, 2022 13:56:02.610 [7352:424:0308/135602.355:ERROR:get_updates_processor.cc(260)] PostClientToServerMessage() failed during GetUpdates with error 2
Mar 08, 2022 13:56:10.51 [7352:1132:0308/135610.051:ERROR:connection_factory_impl.cc(425)] Failed to connect to MCS endpoint with error -105
Mar 08, 2022 13:56:21.64 [7352:4192:0308/135621.064:ERROR:get_updates_processor.cc(260)] PostClientToServerMessage() failed during GetUpdates with error 2
Mar 08, 2022 13:56:21.694 [7352:1132:0308/135621.694:ERROR:connection_factory_impl.cc(425)] Failed to connect to MCS endpoint with error -105
Mar 08, 2022 13:56:39.118 [7352:4192:0308/135639.118:ERROR:get_updates_processor.cc(260)] PostClientToServerMessage() failed during GetUpdates with error 2
Mar 08, 2022 13:56:47.367 [7352:2512:0308/135647.367:ERROR:get_updates_processor.cc(260)] PostClientToServerMessage() failed during GetUpdates with error 2
Mar 08, 2022 13:59:13.875 [7352:1132:0308/135913.875:ERROR:connection_factory_impl.cc(425)] Failed to connect to MCS endpoint with error -105
Mar 08, 2022 17:02:11.982 [7352:1132:0308/170211.978:ERROR:connection_factory_impl.cc(425)] Failed to connect to MCS endpoint with error -105
Mar 08, 2022 17:02:14.873 [7352:1132:0308/170214.873:ERROR:connection_factory_impl.cc(425)] Failed to connect to MCS endpoint with error -105
Mar 08, 2022 17:02:22.985 [7352:1132:0308/170222.985:ERROR:connection_factory_impl.cc(425)] Failed to connect to MCS endpoint with error -105
Mar 08, 2022 17:03:52.995 [7352:1132:0308/170352.993:ERROR:connection_factory_impl.cc(425)] Failed to connect to MCS endpoint with error -105
Mar 08, 2022 17:13:06.418 [7352:1132:0308/171306.417:ERROR:connection_factory_impl.cc(425)] Failed to connect to MCS endpoint with error -105
Mar 08, 2022 17:13:10.492 [7352:1132:0308/171310.492:ERROR:connection_factory_impl.cc(425)] Failed to connect to MCS endpoint with error -105
Mar 08, 2022 17:13:28.538 [7352:1132:0308/171328.537:ERROR:connection_factory_impl.cc(425)] Failed to connect to MCS endpoint with error -106
Mar 08, 2022 17:13:29.77 [7352:9088:0308/171329.077:ERROR:device_event_log_impl.cc(214)] [17:13:29.077] USB: usb_service_win.cc:260 Failed to get device driver name: Element not found. (0x490)
Mar 08, 2022 17:13:32.552 [7352:1132:0308/171332.551:ERROR:connection_factory_impl.cc(425)] Failed to connect to MCS endpoint with error -105
Mar 08, 2022 17:13:37.302 [7352:1132:0308/171337.302:ERROR:connection_factory_impl.cc(425)] Failed to connect to MCS endpoint with error -105
Mar 08, 2022 17:13:56.677 [7352:1132:0308/171356.677:ERROR:connection_factory_impl.cc(425)] Failed to connect to MCS endpoint with error -105
Mar 08, 2022 17:13:59.727 [7352:1132:0308/171359.726:ERROR:connection_factory_impl.cc(425)] Failed to connect to MCS endpoint with error -105
Mar 08, 2022 19:22:54.814 [7352:1132:0308/192254.670:ERROR:connection_factory_impl.cc(425)] Failed to connect to MCS endpoint with error -106
Mar 08, 2022 19:22:58.933 [7352:1132:0308/192258.933:ERROR:connection_factory_impl.cc(425)] Failed to connect to MCS endpoint with error -105
Mar 08, 2022 19:23:03.818 [7352:1132:0308/192303.818:ERROR:connection_factory_impl.cc(425)] Failed to connect to MCS endpoint with error -105
Mar 08, 2022 19:24:42.620 [7352:1132:0308/192442.619:ERROR:connection_factory_impl.cc(425)] Failed to connect to MCS endpoint with error -105
Mar 08, 2022 19:28:23.254 [7352:1132:0308/192823.254:ERROR:connection_factory_impl.cc(425)] Failed to connect to MCS endpoint with error -105
Mar 08, 2022 19:35:56.200 [7352:1132:0308/193556.200:ERROR:connection_factory_impl.cc(425)] Failed to connect to MCS endpoint with error -105
Mar 08, 2022 19:38:00.854 [7352:1132:0308/193800.853:ERROR:connection_factory_impl.cc(425)] Failed to connect to MCS endpoint with error -105
Mar 08, 2022 19:38:03.662 [7352:1132:0308/193803.662:ERROR:connection_factory_impl.cc(425)] Failed to connect to MCS endpoint with error -105
Mar 08, 2022 19:38:11.731 [7352:1132:0308/193811.731:ERROR:connection_factory_impl.cc(425)] Failed to connect to MCS endpoint with error -105
Mar 08, 2022 19:48:11.741 [7352:1132:0308/194811.740:ERROR:connection_factory_impl.cc(425)] Failed to connect to MCS endpoint with error -105
Mar 08, 2022 19:50:21.397 [7352:1132:0308/195021.397:ERROR:connection_factory_impl.cc(425)] Failed to connect to MCS endpoint with error -105

Mar 09, 2022 09:10:04.837 NEW SESSION
Mar 09, 2022 09:10:04.837 [1500:3712:0309/091004.806:ERROR:device_event_log_impl.cc(214)] [09:10:04.806] USB: usb_device_handle_win.cc:1049 Failed to read descriptor from node connection: A device attached to the system is not functioning. (0x1F)
Mar 09, 2022 09:12:37.68 [1500:1044:0309/091237.067:ERROR:database.cc(1777)] Passwords SQLite error: code 2067 errno 0: UNIQUE constraint failed: logins.origin_url, logins.username_element, logins.username_value, logins.password_element, logins.signon_realm sql: INSERT INTO logins (origin_url, action_url, username_element, username_value, password_element, password_value, submit_element, signon_realm, date_created, blacklisted_by_user, scheme, password_type, times_used, form_data, display_name, icon_url, federation_url, skip_zero_click, generation_upload_status, possible_username_pairs, id, date_last_used, moving_blocked_for, date_password_modified) VALUES (?,?,?,?,?,?,?,?,?,?,?,?,?,?,?,?,?,?,?,?,?,?,?,?)
Mar 09, 2022 09:14:07.971 [1500:1104:0309/091407.970:ERROR:database.cc(1777)] Passwords SQLite error: code 2067 errno 0: UNIQUE constraint failed: logins.origin_url, logins.username_element, logins.username_value, logins.password_element, logins.signon_realm sql: INSERT INTO logins (origin_url, action_url, username_element, username_value, password_element, password_value, submit_element, signon_realm, date_created, blacklisted_by_user, scheme, password_type, times_used, form_data, display_name, icon_url, federation_url, skip_zero_click, generation_upload_status, possible_username_pairs, id, date_last_used, moving_blocked_for, date_password_modified) VALUES (?,?,?,?,?,?,?,?,?,?,?,?,?,?,?,?,?,?,?,?,?,?,?,?)
Mar 09, 2022 11:47:39.729 [1500:1988:0309/114739.728:ERROR:database.cc(1777)] Passwords SQLite error: code 2067 errno 0: UNIQUE constraint failed: logins.origin_url, logins.username_element, logins.username_value, logins.password_element, logins.signon_realm sql: INSERT INTO logins (origin_url, action_url, username_element, username_value, password_element, password_value, submit_element, signon_realm, date_created, blacklisted_by_user, scheme, password_type, times_used, form_data, display_name, icon_url, federation_url, skip_zero_click, generation_upload_status, possible_username_pairs, id, date_last_used, moving_blocked_for, date_password_modified) VALUES (?,?,?,?,?,?,?,?,?,?,?,?,?,?,?,?,?,?,?,?,?,?,?,?)
Mar 09, 2022 12:30:11.803 [1500:10912:0309/123011.803:ERROR:database.cc(1777)] Passwords SQLite error: code 2067 errno 0: UNIQUE constraint failed: logins.origin_url, logins.username_element, logins.username_value, logins.password_element, logins.signon_realm sql: INSERT INTO logins (origin_url, action_url, username_element, username_value, password_element, password_value, submit_element, signon_realm, date_created, blacklisted_by_user, scheme, password_type, times_used, form_data, display_name, icon_url, federation_url, skip_zero_click, generation_upload_status, possible_username_pairs, id, date_last_used, moving_blocked_for, date_password_modified) VALUES (?,?,?,?,?,?,?,?,?,?,?,?,?,?,?,?,?,?,?,?,?,?,?,?)
Mar 09, 2022 13:59:45.205 [1500:13424:0309/135945.196:ERROR:get_updates_processor.cc(260)] PostClientToServerMessage() failed during GetUpdates with error 2
Mar 09, 2022 14:08:56.234 [1500:14176:0309/140856.232:ERROR:database.cc(1777)] Passwords SQLite error: code 2067 errno 0: UNIQUE constraint failed: logins.origin_url, logins.username_element, logins.username_value, logins.password_element, logins.signon_realm sql: INSERT INTO logins (origin_url, action_url, username_element, username_value, password_element, password_value, submit_element, signon_realm, date_created, blacklisted_by_user, scheme, password_type, times_used, form_data, display_name, icon_url, federation_url, skip_zero_click, generation_upload_status, possible_username_pairs, id, date_last_used, moving_blocked_for, date_password_modified) VALUES (?,?,?,?,?,?,?,?,?,?,?,?,?,?,?,?,?,?,?,?,?,?,?,?)
Mar 09, 2022 14:15:10.276 [1500:4468:0309/141510.276:ERROR:connection_factory_impl.cc(425)] Failed to connect to MCS endpoint with error -105
Mar 09, 2022 14:19:54.142 [1500:13764:0309/141954.141:ERROR:database.cc(1777)] Passwords SQLite error: code 2067 errno 0: UNIQUE constraint failed: logins.origin_url, logins.username_element, logins.username_value, logins.password_element, logins.signon_realm sql: INSERT INTO logins (origin_url, action_url, username_element, username_value, password_element, password_value, submit_element, signon_realm, date_created, blacklisted_by_user, scheme, password_type, times_used, form_data, display_name, icon_url, federation_url, skip_zero_click, generation_upload_status, possible_username_pairs, id, date_last_used, moving_blocked_for, date_password_modified) VALUES (?,?,?,?,?,?,?,?,?,?,?,?,?,?,?,?,?,?,?,?,?,?,?,?)
Mar 09, 2022 14:29:51.371 [1500:12676:0309/142951.370:ERROR:database.cc(1777)] Passwords SQLite error: code 2067 errno 0: UNIQUE constraint failed: logins.origin_url, logins.username_element, logins.username_value, logins.password_element, logins.signon_realm sql: INSERT INTO logins (origin_url, action_url, username_element, username_value, password_element, password_value, submit_element, signon_realm, date_created, blacklisted_by_user, scheme, password_type, times_used, form_data, display_name, icon_url, federation_url, skip_zero_click, generation_upload_status, possible_username_pairs, id, date_last_used, moving_blocked_for, date_password_modified) VALUES (?,?,?,?,?,?,?,?,?,?,?,?,?,?,?,?,?,?,?,?,?,?,?,?)
Mar 09, 2022 16:25:03.146 [1500:4468:0309/162503.137:ERROR:connection_factory_impl.cc(425)] Failed to connect to MCS endpoint with error -106
Mar 09, 2022 16:25:07.212 [1500:4468:0309/162507.211:ERROR:connection_factory_impl.cc(425)] Failed to connect to MCS endpoint with error -105
Mar 09, 2022 16:25:42.340 [1500:4468:0309/162542.338:ERROR:connection_factory_impl.cc(425)] Failed to connect to MCS endpoint with error -7
Mar 09, 2022 17:29:25.388 [1500:1704:0309/172925.387:ERROR:database.cc(1777)] Passwords SQLite error: code 2067 errno 0: UNIQUE constraint failed: logins.origin_url, logins.username_element, logins.username_value, logins.password_element, logins.signon_realm sql: INSERT INTO logins (origin_url, action_url, username_element, username_value, password_element, password_value, submit_element, signon_realm, date_created, blacklisted_by_user, scheme, password_type, times_used, form_data, display_name, icon_url, federation_url, skip_zero_click, generation_upload_status, possible_username_pairs, id, date_last_used, moving_blocked_for, date_password_modified) VALUES (?,?,?,?,?,?,?,?,?,?,?,?,?,?,?,?,?,?,?,?,?,?,?,?)
Mar 09, 2022 17:30:14.164 [1500:3952:0309/173014.163:ERROR:database.cc(1777)] Passwords SQLite error: code 2067 errno 0: UNIQUE constraint failed: logins.origin_url, logins.username_element, logins.username_value, logins.password_element, logins.signon_realm sql: INSERT INTO logins (origin_url, action_url, username_element, username_value, password_element, password_value, submit_element, signon_realm, date_created, blacklisted_by_user, scheme, password_type, times_used, form_data, display_name, icon_url, federation_url, skip_zero_click, generation_upload_status, possible_username_pairs, id, date_last_used, moving_blocked_for, date_password_modified) VALUES (?,?,?,?,?,?,?,?,?,?,?,?,?,?,?,?,?,?,?,?,?,?,?,?)
Mar 09, 2022 17:31:58.314 [1500:1704:0309/173158.313:ERROR:database.cc(1777)] Passwords SQLite error: code 2067 errno 0: UNIQUE constraint failed: logins.origin_url, logins.username_element, logins.username_value, logins.password_element, logins.signon_realm sql: INSERT INTO logins (origin_url, action_url, username_element, username_value, password_element, password_value, submit_element, signon_realm, date_created, blacklisted_by_user, scheme, password_type, times_used, form_data, display_name, icon_url, federation_url, skip_zero_click, generation_upload_status, possible_username_pairs, id, date_last_used, moving_blocked_for, date_password_modified) VALUES (?,?,?,?,?,?,?,?,?,?,?,?,?,?,?,?,?,?,?,?,?,?,?,?)
Mar 09, 2022 18:01:33.734 [1500:12080:0309/180133.728:ERROR:database.cc(1777)] Passwords SQLite error: code 2067 errno 0: UNIQUE constraint failed: logins.origin_url, logins.username_element, logins.username_value, logins.password_element, logins.signon_realm sql: INSERT INTO logins (origin_url, action_url, username_element, username_value, password_element, password_value, submit_element, signon_realm, date_created, blacklisted_by_user, scheme, password_type, times_used, form_data, display_name, icon_url, federation_url, skip_zero_click, generation_upload_status, possible_username_pairs, id, date_last_used, moving_blocked_for, date_password_modified) VALUES (?,?,?,?,?,?,?,?,?,?,?,?,?,?,?,?,?,?,?,?,?,?,?,?)
Mar 09, 2022 18:10:29.867 [1500:3712:0309/181029.866:ERROR:device_event_log_impl.cc(214)] [18:10:29.867] USB: usb_service_win.cc:260 Failed to get device driver name: Element not found. (0x490)
Mar 09, 2022 18:24:49.619 [1500:6924:0309/182449.617:ERROR:database.cc(1777)] Passwords SQLite error: code 2067 errno 0: UNIQUE constraint failed: logins.origin_url, logins.username_element, logins.username_value, logins.password_element, logins.signon_realm sql: INSERT INTO logins (origin_url, action_url, username_element, username_value, password_element, password_value, submit_element, signon_realm, date_created, blacklisted_by_user, scheme, password_type, times_used, form_data, display_name, icon_url, federation_url, skip_zero_click, generation_upload_status, possible_username_pairs, id, date_last_used, moving_blocked_for, date_password_modified) VALUES (?,?,?,?,?,?,?,?,?,?,?,?,?,?,?,?,?,?,?,?,?,?,?,?)
Mar 09, 2022 18:28:07.342 [1500:4468:0309/182807.341:ERROR:connection_factory_impl.cc(425)] Failed to connect to MCS endpoint with error -106
Mar 09, 2022 18:28:30.698 [1500:4468:0309/182830.698:ERROR:connection_factory_impl.cc(425)] Failed to connect to MCS endpoint with error -106
Mar 09, 2022 18:28:44.23 [1500:4468:0309/182844.023:ERROR:connection_factory_impl.cc(425)] Failed to connect to MCS endpoint with error -105

Mar 10, 2022 21:27:45.245 NEW SESSION
Mar 10, 2022 21:27:45.247 [15408:15400:0310/212745.159:ERROR:device_event_log_impl.cc(214)] [21:27:45.159] USB: usb_device_handle_win.cc:1049 Failed to read descriptor from node connection: A device attached to the system is not functioning. (0x1F)
Mar 10, 2022 21:28:23.431 [15408:15556:0310/212823.431:ERROR:connection_factory_impl.cc(425)] Failed to connect to MCS endpoint with error -7
Mar 10, 2022 21:28:26.38 [15408:12404:0310/212826.037:ERROR:database.cc(1777)] Passwords SQLite error: code 2067 errno 0: UNIQUE constraint failed: logins.origin_url, logins.username_element, logins.username_value, logins.password_element, logins.signon_realm sql: INSERT INTO logins (origin_url, action_url, username_element, username_value, password_element, password_value, submit_element, signon_realm, date_created, blacklisted_by_user, scheme, password_type, times_used, form_data, display_name, icon_url, federation_url, skip_zero_click, generation_upload_status, possible_username_pairs, id, date_last_used, moving_blocked_for, date_password_modified) VALUES (?,?,?,?,?,?,?,?,?,?,?,?,?,?,?,?,?,?,?,?,?,?,?,?)
Mar 10, 2022 21:29:18.846 [15408:15556:0310/212918.846:ERROR:connection_factory_impl.cc(425)] Failed to connect to MCS endpoint with error -7
Mar 10, 2022 21:59:45.430 [15408:15176:0310/215945.429:ERROR:database.cc(1777)] Passwords SQLite error: code 2067 errno 0: UNIQUE constraint failed: logins.origin_url, logins.username_element, logins.username_value, logins.password_element, logins.signon_realm sql: INSERT INTO logins (origin_url, action_url, username_element, username_value, password_element, password_value, submit_element, signon_realm, date_created, blacklisted_by_user, scheme, password_type, times_used, form_data, display_name, icon_url, federation_url, skip_zero_click, generation_upload_status, possible_username_pairs, id, date_last_used, moving_blocked_for, date_password_modified) VALUES (?,?,?,?,?,?,?,?,?,?,?,?,?,?,?,?,?,?,?,?,?,?,?,?)
Mar 10, 2022 22:18:21.89 [15408:15556:0310/221821.088:ERROR:connection_factory_impl.cc(425)] Failed to connect to MCS endpoint with error -7
Mar 10, 2022 22:18:54.979 [15408:15556:0310/221854.979:ERROR:connection_factory_impl.cc(425)] Failed to connect to MCS endpoint with error -7
Mar 10, 2022 23:04:47.35 [15408:14976:0310/230447.034:ERROR:database.cc(1777)] Passwords SQLite error: code 2067 errno 0: UNIQUE constraint failed: logins.origin_url, logins.username_element, logins.username_value, logins.password_element, logins.signon_realm sql: INSERT INTO logins (origin_url, action_url, username_element, username_value, password_element, password_value, submit_element, signon_realm, date_created, blacklisted_by_user, scheme, password_type, times_used, form_data, display_name, icon_url, federation_url, skip_zero_click, generation_upload_status, possible_username_pairs, id, date_last_used, moving_blocked_for, date_password_modified) VALUES (?,?,?,?,?,?,?,?,?,?,?,?,?,?,?,?,?,?,?,?,?,?,?,?)
Mar 10, 2022 23:21:34.133 [15408:12536:0310/232134.132:ERROR:database.cc(1777)] Passwords SQLite error: code 2067 errno 0: UNIQUE constraint failed: logins.origin_url, logins.username_element, logins.username_value, logins.password_element, logins.signon_realm sql: INSERT INTO logins (origin_url, action_url, username_element, username_value, password_element, password_value, submit_element, signon_realm, date_created, blacklisted_by_user, scheme, password_type, times_used, form_data, display_name, icon_url, federation_url, skip_zero_click, generation_upload_status, possible_username_pairs, id, date_last_used, moving_blocked_for, date_password_modified) VALUES (?,?,?,?,?,?,?,?,?,?,?,?,?,?,?,?,?,?,?,?,?,?,?,?)
Mar 10, 2022 23:26:52.562 [15408:4944:0310/232652.561:ERROR:database.cc(1777)] Passwords SQLite error: code 2067 errno 0: UNIQUE constraint failed: logins.origin_url, logins.username_element, logins.username_value, logins.password_element, logins.signon_realm sql: INSERT INTO logins (origin_url, action_url, username_element, username_value, password_element, password_value, submit_element, signon_realm, date_created, blacklisted_by_user, scheme, password_type, times_used, form_data, display_name, icon_url, federation_url, skip_zero_click, generation_upload_status, possible_username_pairs, id, date_last_used, moving_blocked_for, date_password_modified) VALUES (?,?,?,?,?,?,?,?,?,?,?,?,?,?,?,?,?,?,?,?,?,?,?,?)
Mar 10, 2022 23:34:57.338 [15408:4944:0310/233457.337:ERROR:database.cc(1777)] Passwords SQLite error: code 2067 errno 0: UNIQUE constraint failed: logins.origin_url, logins.username_element, logins.username_value, logins.password_element, logins.signon_realm sql: INSERT INTO logins (origin_url, action_url, username_element, username_value, password_element, password_value, submit_element, signon_realm, date_created, blacklisted_by_user, scheme, password_type, times_used, form_data, display_name, icon_url, federation_url, skip_zero_click, generation_upload_status, possible_username_pairs, id, date_last_used, moving_blocked_for, date_password_modified) VALUES (?,?,?,?,?,?,?,?,?,?,?,?,?,?,?,?,?,?,?,?,?,?,?,?)

Mar 11, 2022 10:42:24.567 NEW SESSION
Mar 11, 2022 10:42:24.569 [9272:12356:0311/104224.550:ERROR:database.cc(1777)] Passwords SQLite error: code 2067 errno 0: UNIQUE constraint failed: logins.origin_url, logins.username_element, logins.username_value, logins.password_element, logins.signon_realm sql: INSERT INTO logins (origin_url, action_url, username_element, username_value, password_element, password_value, submit_element, signon_realm, date_created, blacklisted_by_user, scheme, password_type, times_used, form_data, display_name, icon_url, federation_url, skip_zero_click, generation_upload_status, possible_username_pairs, id, date_last_used, moving_blocked_for, date_password_modified) VALUES (?,?,?,?,?,?,?,?,?,?,?,?,?,?,?,?,?,?,?,?,?,?,?,?)

Mar 11, 2022 13:52:09.905 NEW SESSION
Mar 11, 2022 13:52:09.906 [16264:16016:0311/135209.614:ERROR:token_service_table.cc(139)] Failed to decrypt token for service AccountId-111109796662080681994
Mar 11, 2022 13:52:14.631 [16264:13648:0311/135214.630:ERROR:device_event_log_impl.cc(214)] [13:52:14.631] USB: usb_device_handle_win.cc:1049 Failed to read descriptor from node connection: A device attached to the system is not functioning. (0x1F)
Mar 11, 2022 13:52:46.308 [16264:13208:0311/135246.308:ERROR:gcm_store_impl.cc(955)] Failed to restore security token.
Mar 11, 2022 13:53:06.741 [16264:13800:0311/135306.740:ERROR:database.cc(1777)] Passwords SQLite error: code 2067 errno 0: UNIQUE constraint failed: logins.origin_url, logins.username_element, logins.username_value, logins.password_element, logins.signon_realm sql: INSERT INTO logins (origin_url, action_url, username_element, username_value, password_element, password_value, submit_element, signon_realm, date_created, blacklisted_by_user, scheme, password_type, times_used, form_data, display_name, icon_url, federation_url, skip_zero_click, generation_upload_status, possible_username_pairs, id, date_last_used, moving_blocked_for, date_password_modified) VALUES (?,?,?,?,?,?,?,?,?,?,?,?,?,?,?,?,?,?,?,?,?,?,?,?)
Mar 11, 2022 17:49:44.177 [16264:13648:0311/174943.741:ERROR:device_event_log_impl.cc(214)] [17:49:43.741] USB: usb_service_win.cc:260 Failed to get device driver name: Element not found. (0x490)
Mar 11, 2022 23:07:04.45 [17028:17080:0311/230704.044:ERROR:device_event_log_impl.cc(214)] [23:07:04.044] USB: usb_device_handle_win.cc:1049 Failed to read descriptor from node connection: A device attached to the system is not functioning. (0x1F)

Mar 14, 2022 14:47:01.516 NEW SESSION
Mar 14, 2022 14:47:01.516 [15816:15564:0314/144701.487:ERROR:connection_factory_impl.cc(425)] Failed to connect to MCS endpoint with error -106
Mar 14, 2022 14:47:02.05 [15816:15564:0314/144702.004:ERROR:connection_factory_impl.cc(425)] Failed to connect to MCS endpoint with error -106
Mar 14, 2022 14:47:33.457 [15816:15356:0314/144733.457:ERROR:device_event_log_impl.cc(214)] [14:47:33.457] USB: usb_service_win.cc:260 Failed to get device driver name: Element not found. (0x490)
Mar 14, 2022 14:47:37.508 [15816:15564:0314/144737.508:ERROR:connection_factory_impl.cc(425)] Failed to connect to MCS endpoint with error -105
Mar 14, 2022 14:47:41.788 [15816:15564:0314/144741.787:ERROR:connection_factory_impl.cc(425)] Failed to connect to MCS endpoint with error -105
Mar 14, 2022 14:48:42.394 [15816:15564:0314/144842.394:ERROR:connection_factory_impl.cc(425)] Failed to connect to MCS endpoint with error -105
Mar 14, 2022 14:48:44.421 [15816:15564:0314/144844.421:ERROR:connection_factory_impl.cc(425)] Failed to connect to MCS endpoint with error -105
Mar 14, 2022 15:47:14.83 [15816:15564:0314/154714.073:ERROR:connection_factory_impl.cc(425)] Failed to connect to MCS endpoint with error -105
Mar 14, 2022 16:15:57.713 [15816:15564:0314/161557.712:ERROR:connection_factory_impl.cc(425)] Failed to connect to MCS endpoint with error -105
Mar 14, 2022 17:45:27.872 [15816:15564:0314/174527.758:ERROR:connection_factory_impl.cc(425)] Failed to connect to MCS endpoint with error -105
